<?xml version="1.0" encoding="UTF-8"?>
<!-- Generated by org.testng.reporters.JUnitReportReporter -->
<testsuite hostname="Naveens-MacBook-Pro.local" name="com.logic.prover.CognitiveCalculusProverTests" tests="45" failures="0" timestamp="31 Mar 2017 06:50:45 GMT" time="16.423" errors="0">
  <testcase name="testSoundess" time="0.167" classname="com.logic.prover.CognitiveCalculusProverTests"/>
  <testcase name="testCompleteness" time="1.547" classname="com.logic.prover.CognitiveCalculusProverTests"/>
  <testcase name="testCompleteness" time="0.077" classname="com.logic.prover.CognitiveCalculusProverTests"/>
  <testcase name="testCompleteness" time="0.014" classname="com.logic.prover.CognitiveCalculusProverTests"/>
  <testcase name="testCompleteness" time="1.257" classname="com.logic.prover.CognitiveCalculusProverTests"/>
  <testcase name="testSoundess" time="0.085" classname="com.logic.prover.CognitiveCalculusProverTests"/>
  <testcase name="testCompleteness" time="0.034" classname="com.logic.prover.CognitiveCalculusProverTests"/>
  <testcase name="testCompleteness" time="0.040" classname="com.logic.prover.CognitiveCalculusProverTests"/>
  <testcase name="testCompleteness" time="0.052" classname="com.logic.prover.CognitiveCalculusProverTests"/>
  <testcase name="testCompleteness" time="0.096" classname="com.logic.prover.CognitiveCalculusProverTests"/>
  <testcase name="testCompleteness" time="0.028" classname="com.logic.prover.CognitiveCalculusProverTests"/>
  <testcase name="testSoundess" time="0.152" classname="com.logic.prover.CognitiveCalculusProverTests"/>
  <testcase name="testCompleteness" time="0.021" classname="com.logic.prover.CognitiveCalculusProverTests"/>
  <testcase name="testCompleteness" time="0.018" classname="com.logic.prover.CognitiveCalculusProverTests"/>
  <testcase name="testCompleteness" time="0.052" classname="com.logic.prover.CognitiveCalculusProverTests"/>
  <testcase name="testCompleteness" time="9.915" classname="com.logic.prover.CognitiveCalculusProverTests"/>
  <testcase name="testCompleteness" time="0.030" classname="com.logic.prover.CognitiveCalculusProverTests"/>
  <testcase name="testCompleteness" time="0.029" classname="com.logic.prover.CognitiveCalculusProverTests"/>
  <testcase name="testCompleteness" time="0.215" classname="com.logic.prover.CognitiveCalculusProverTests"/>
  <testcase name="testCompleteness" time="0.164" classname="com.logic.prover.CognitiveCalculusProverTests"/>
  <testcase name="testCompleteness" time="0.046" classname="com.logic.prover.CognitiveCalculusProverTests"/>
  <testcase name="testCompleteness" time="0.020" classname="com.logic.prover.CognitiveCalculusProverTests"/>
  <testcase name="testCompleteness" time="0.026" classname="com.logic.prover.CognitiveCalculusProverTests"/>
  <testcase name="testCompleteness" time="0.032" classname="com.logic.prover.CognitiveCalculusProverTests"/>
  <testcase name="testSoundess" time="0.018" classname="com.logic.prover.CognitiveCalculusProverTests"/>
  <testcase name="testCompleteness" time="0.042" classname="com.logic.prover.CognitiveCalculusProverTests"/>
  <testcase name="testCompleteness" time="0.519" classname="com.logic.prover.CognitiveCalculusProverTests"/>
  <testcase name="testCompleteness" time="0.090" classname="com.logic.prover.CognitiveCalculusProverTests"/>
  <testcase name="testCompleteness" time="0.027" classname="com.logic.prover.CognitiveCalculusProverTests"/>
  <testcase name="testCompleteness" time="0.027" classname="com.logic.prover.CognitiveCalculusProverTests"/>
  <testcase name="testCompleteness" time="0.159" classname="com.logic.prover.CognitiveCalculusProverTests"/>
  <testcase name="testCompleteness" time="0.031" classname="com.logic.prover.CognitiveCalculusProverTests"/>
  <testcase name="testCompleteness" time="0.085" classname="com.logic.prover.CognitiveCalculusProverTests"/>
  <testcase name="testCompleteness" time="0.029" classname="com.logic.prover.CognitiveCalculusProverTests"/>
  <testcase name="testCompleteness" time="0.059" classname="com.logic.prover.CognitiveCalculusProverTests"/>
  <testcase name="testCompleteness" time="0.118" classname="com.logic.prover.CognitiveCalculusProverTests"/>
  <testcase name="testCompleteness" time="0.136" classname="com.logic.prover.CognitiveCalculusProverTests"/>
  <testcase name="testCompleteness" time="0.031" classname="com.logic.prover.CognitiveCalculusProverTests"/>
  <testcase name="testCompleteness" time="0.126" classname="com.logic.prover.CognitiveCalculusProverTests"/>
  <testcase name="testCompleteness" time="0.034" classname="com.logic.prover.CognitiveCalculusProverTests"/>
  <testcase name="testCompleteness" time="0.455" classname="com.logic.prover.CognitiveCalculusProverTests"/>
  <testcase name="testCompleteness" time="0.163" classname="com.logic.prover.CognitiveCalculusProverTests"/>
  <testcase name="testCompleteness" time="0.018" classname="com.logic.prover.CognitiveCalculusProverTests"/>
  <testcase name="testCompleteness" time="0.044" classname="com.logic.prover.CognitiveCalculusProverTests"/>
  <testcase name="testSoundess" time="0.095" classname="com.logic.prover.CognitiveCalculusProverTests"/>
</testsuite> <!-- com.logic.prover.CognitiveCalculusProverTests -->
